<?xml version="1.0" encoding="UTF-8"?>
<!-- Generated by org.testng.reporters.JUnitXMLReporter -->
<testsuite hostname="dell-PC" ignored="0" name="Default test" tests="3" failures="0" timestamp="09 Sep 2018 20:50:52 GMT" time="0.201" errors="0">
  <testcase name="createUser" time="0.066" classname="com.edureka.testngpackage.PriorityTestNg"/>
  <testcase name="deleteUser" time="0.003" classname="com.edureka.testngpackage.PriorityTestNg"/>
  <testcase name="editUser" time="0.009" classname="com.edureka.testngpackage.PriorityTestNg"/>
</testsuite> <!-- Default test -->
