<?xml version="1.0" encoding="UTF-8"?>
<!-- Generated by org.testng.reporters.JUnitXMLReporter -->
<testsuite hostname="dell-PC" ignored="0" name="Test" tests="7" failures="0" timestamp="09 Sep 2018 20:17:16 GMT" time="0.218" errors="0">
  <testcase name="deleteuser" time="0.063" classname="com.edureka.testngpackage.firstTestNgClass"/>
  <testcase name="display" time="0.0" classname="com.edureka.testngpackage.firstTestNgClass"/>
  <testcase name="editUser" time="0.0" classname="com.edureka.testngpackage.firstTestNgClass"/>
  <testcase name="sample" time="0.0" classname="com.edureka.testngpackage.firstTestNgClass"/>
  <testcase name="createUser" time="0.0" classname="com.edureka.testngpackage.PriorityTestNg"/>
  <testcase name="deleteUser" time="0.0" classname="com.edureka.testngpackage.PriorityTestNg"/>
  <testcase name="editUser" time="0.0" classname="com.edureka.testngpackage.PriorityTestNg"/>
</testsuite> <!-- Test -->
