<?xml version="1.0" encoding="UTF-8"?>
<testng-results skipped="0" failed="0" ignored="0" total="3" passed="3">
  <reporter-output>
    <line>
      <![CDATA[User Created Successfully from PriorityTestNGScript]]>
    </line>
    <line>
      <![CDATA[User Deleted Successfully  from PriorityTestNGScript]]>
    </line>
    <line>
      <![CDATA[User Edited Successfully from PriorityTestNGScript]]>
    </line>
  </reporter-output>
  <suite name="Default suite" duration-ms="201" started-at="2018-09-09T20:50:52Z" finished-at="2018-09-09T20:50:52Z">
    <groups>
    </groups>
    <test name="Default test" duration-ms="201" started-at="2018-09-09T20:50:52Z" finished-at="2018-09-09T20:50:52Z">
      <class name="com.edureka.testngpackage.PriorityTestNg">
        <test-method status="PASS" signature="createUser()[pri:1, instance:com.edureka.testngpackage.PriorityTestNg@651fd0]" name="createUser" duration-ms="66" started-at="2018-09-09T20:50:52Z" finished-at="2018-09-09T20:50:52Z">
          <reporter-output>
            <line>
              <![CDATA[User Created Successfully from PriorityTestNGScript]]>
            </line>
          </reporter-output>
        </test-method> <!-- createUser -->
        <test-method status="PASS" signature="deleteUser()[pri:2, instance:com.edureka.testngpackage.PriorityTestNg@651fd0]" name="deleteUser" duration-ms="3" started-at="2018-09-09T20:50:52Z" finished-at="2018-09-09T20:50:52Z">
          <reporter-output>
            <line>
              <![CDATA[User Deleted Successfully  from PriorityTestNGScript]]>
            </line>
          </reporter-output>
        </test-method> <!-- deleteUser -->
        <test-method status="PASS" signature="editUser()[pri:3, instance:com.edureka.testngpackage.PriorityTestNg@651fd0]" name="editUser" duration-ms="9" started-at="2018-09-09T20:50:52Z" finished-at="2018-09-09T20:50:52Z">
          <reporter-output>
            <line>
              <![CDATA[User Edited Successfully from PriorityTestNGScript]]>
            </line>
          </reporter-output>
        </test-method> <!-- editUser -->
      </class> <!-- com.edureka.testngpackage.PriorityTestNg -->
    </test> <!-- Default test -->
  </suite> <!-- Default suite -->
</testng-results>
